<?xml version="1.0" encoding="UTF-8" ?>
<testsuite tests="13" failures="0" name="com.blackpixel.cucumber.CukesRunnerTest" time="0.56" errors="0" skipped="4">
  <properties>
    <property name="idea.version" value="2016.1.1"/>
    <property name="java.runtime.name" value="Java(TM) SE Runtime Environment"/>
    <property name="sun.boot.library.path" value="/usr/lib/jvm/java-8-oracle/jre/lib/amd64"/>
    <property name="java.vm.version" value="25.101-b13"/>
    <property name="java.vm.vendor" value="Oracle Corporation"/>
    <property name="java.vendor.url" value="http://java.oracle.com/"/>
    <property name="path.separator" value=":"/>
    <property name="guice.disable.misplaced.annotation.check" value="true"/>
    <property name="java.vm.name" value="Java HotSpot(TM) 64-Bit Server VM"/>
    <property name="file.encoding.pkg" value="sun.io"/>
    <property name="idea.launcher.port" value="7537"/>
    <property name="user.country" value="GB"/>
    <property name="sun.java.launcher" value="SUN_STANDARD"/>
    <property name="sun.os.patch.level" value="unknown"/>
    <property name="java.vm.specification.name" value="Java Virtual Machine Specification"/>
    <property name="user.dir" value="/home/mike/Dropbox/1_COURSES/BDD/cucumber_start"/>
    <property name="java.runtime.version" value="1.8.0_101-b13"/>
    <property name="java.awt.graphicsenv" value="sun.awt.X11GraphicsEnvironment"/>
    <property name="java.endorsed.dirs" value="/usr/lib/jvm/java-8-oracle/jre/lib/endorsed"/>
    <property name="os.arch" value="amd64"/>
    <property name="java.io.tmpdir" value="/tmp"/>
    <property name="line.separator" value="
"/>
    <property name="java.vm.specification.vendor" value="Oracle Corporation"/>
    <property name="os.name" value="Linux"/>
    <property name="classworlds.conf" value="/home/mike/idea-IC-145.597.3/plugins/maven/lib/maven3/bin/m2.conf"/>
    <property name="sun.jnu.encoding" value="UTF-8"/>
    <property name="java.library.path" value="/home/mike/idea-IC-145.597.3/bin:/home/mike/sqllib/lib64:/home/mike/sqllib/lib64/gskit:/home/mike/sqllib/lib32:/usr/java/packages/lib/amd64:/usr/lib64:/lib64:/lib:/usr/lib"/>
    <property name="java.specification.name" value="Java Platform API Specification"/>
    <property name="java.class.version" value="52.0"/>
    <property name="sun.management.compiler" value="HotSpot 64-Bit Tiered Compilers"/>
    <property name="os.version" value="4.4.0-36-generic"/>
    <property name="user.home" value="/home/mike"/>
    <property name="user.timezone" value="Europe/London"/>
    <property name="java.awt.printerjob" value="sun.print.PSPrinterJob"/>
    <property name="java.specification.version" value="1.8"/>
    <property name="idea.launcher.bin.path" value="/home/mike/idea-IC-145.597.3/bin"/>
    <property name="file.encoding" value="UTF-8"/>
    <property name="user.name" value="mike"/>
    <property name="java.class.path" value="/home/mike/idea-IC-145.597.3/plugins/maven/lib/maven3/boot/plexus-classworlds-2.4.jar:/home/mike/idea-IC-145.597.3/lib/idea_rt.jar"/>
    <property name="java.vm.specification.version" value="1.8"/>
    <property name="sun.arch.data.model" value="64"/>
    <property name="java.home" value="/usr/lib/jvm/java-8-oracle/jre"/>
    <property name="sun.java.command" value="com.intellij.rt.execution.application.AppMain org.codehaus.classworlds.Launcher -Didea.version=2016.1.1 clean install"/>
    <property name="java.specification.vendor" value="Oracle Corporation"/>
    <property name="user.language" value="en"/>
    <property name="awt.toolkit" value="sun.awt.X11.XToolkit"/>
    <property name="java.vm.info" value="mixed mode"/>
    <property name="java.version" value="1.8.0_101"/>
    <property name="java.ext.dirs" value="/usr/lib/jvm/java-8-oracle/jre/lib/ext:/usr/java/packages/lib/ext"/>
    <property name="securerandom.source" value="file:/dev/./urandom"/>
    <property name="sun.boot.class.path" value="/usr/lib/jvm/java-8-oracle/jre/lib/resources.jar:/usr/lib/jvm/java-8-oracle/jre/lib/rt.jar:/usr/lib/jvm/java-8-oracle/jre/lib/sunrsasign.jar:/usr/lib/jvm/java-8-oracle/jre/lib/jsse.jar:/usr/lib/jvm/java-8-oracle/jre/lib/jce.jar:/usr/lib/jvm/java-8-oracle/jre/lib/charsets.jar:/usr/lib/jvm/java-8-oracle/jre/lib/jfr.jar:/usr/lib/jvm/java-8-oracle/jre/classes"/>
    <property name="java.vendor" value="Oracle Corporation"/>
    <property name="maven.home" value="/home/mike/idea-IC-145.597.3/plugins/maven/lib/maven3"/>
    <property name="file.separator" value="/"/>
    <property name="java.vendor.url.bug" value="http://bugreport.sun.com/bugreport/"/>
    <property name="sun.cpu.endian" value="little"/>
    <property name="sun.io.unicode.encoding" value="UnicodeLittle"/>
    <property name="sun.desktop" value="gnome"/>
    <property name="sun.cpu.isalist" value=""/>
  </properties>
  <testcase classname="Scenario: Depositing money into User\&apos;s account should add money to the User\&apos;s current balance" name="Given a User has no money in their account" time="0.001"/>
  <testcase classname="Scenario: Depositing money into User\&apos;s account should add money to the User\&apos;s current balance" name="When \u00A3100 is deposited into the account" time="0"/>
  <testcase classname="Scenario: Depositing money into User\&apos;s account should add money to the User\&apos;s current balance" name="Then the balance should be \u00A3100" time="0"/>
  <testcase classname="Scenario: Depositing money into User\&apos;s account should add money to the User\&apos;s current balance" name="Scenario: Depositing money into User\&apos;s account should add money to the User\&apos;s current balance" time="0.001"/>
  <testcase classname="Scenario: Depositing money into User\&apos;s account should add money to the User\&apos;s current balance" name="Given a User has no money in their account" time="0.001"/>
  <testcase classname="Scenario: Depositing money into User\&apos;s account should add money to the User\&apos;s current balance" name="When \u00A350 is deposited into the account" time="0"/>
  <testcase classname="Scenario: Depositing money into User\&apos;s account should add money to the User\&apos;s current balance" name="Then the balance should be \u00A350" time="0"/>
  <testcase classname="Scenario: Depositing money into User\&apos;s account should add money to the User\&apos;s current balance" name="Scenario: Depositing money into User\&apos;s account should add money to the User\&apos;s current balance" time="0.001"/>
  <testcase classname="Scenario: Hire a car model that is available" name="Given a Ford Focus is available" time="0.004">
    <skipped/>
  </testcase>
  <testcase classname="Scenario: Hire a car model that is available" name="When I select a Ford Focus" time="0.012">
    <skipped/>
  </testcase>
  <testcase classname="Scenario: Hire a car model that is available" name="Then I should be informed that it is available" time="0.013">
    <skipped/>
  </testcase>
  <testcase classname="Scenario: Hire a car model that is available" name="Scenario: Hire a car model that is available" time="0.014">
    <skipped/>
  </testcase>
  <testcase classname="Scenario: Hire a car model that is available" name="Scenario: Hire a car model that is available" time="0.014"/>
</testsuite>